{"/Users/lor/gitprojects/dbs/src/types.ts": {"path":"/Users/lor/gitprojects/dbs/src/types.ts","statementMap":{"0":{"start":{"line":4,"column":0},"end":{"line":4,"column":null}},"1":{"start":{"line":5,"column":2},"end":{"line":5,"column":24}},"2":{"start":{"line":5,"column":39},"end":{"line":5,"column":null}},"3":{"start":{"line":5,"column":24},"end":{"line":5,"column":null}},"4":{"start":{"line":6,"column":2},"end":{"line":6,"column":60}},"5":{"start":{"line":6,"column":45},"end":{"line":6,"column":58}},"6":{"start":{"line":6,"column":60},"end":{"line":6,"column":null}},"7":{"start":{"line":6,"column":24},"end":{"line":6,"column":null}},"8":{"start":{"line":7,"column":2},"end":{"line":7,"column":61}},"9":{"start":{"line":7,"column":46},"end":{"line":7,"column":59}},"10":{"start":{"line":7,"column":61},"end":{"line":7,"column":null}},"11":{"start":{"line":7,"column":24},"end":{"line":7,"column":null}},"12":{"start":{"line":8,"column":2},"end":{"line":8,"column":59}},"13":{"start":{"line":8,"column":44},"end":{"line":8,"column":57}},"14":{"start":{"line":8,"column":59},"end":{"line":8,"column":null}},"15":{"start":{"line":8,"column":24},"end":{"line":8,"column":null}},"16":{"start":{"line":11,"column":0},"end":{"line":11,"column":null}},"17":{"start":{"line":35,"column":2},"end":{"line":35,"column":63}},"18":{"start":{"line":35,"column":40},"end":{"line":35,"column":47}},"19":{"start":{"line":35,"column":63},"end":{"line":35,"column":null}},"20":{"start":{"line":35,"column":24},"end":{"line":35,"column":null}},"21":{"start":{"line":37,"column":2},"end":{"line":37,"column":null}},"22":{"start":{"line":37,"column":37},"end":{"line":37,"column":44}},"23":{"start":{"line":40,"column":2},"end":{"line":40,"column":null}},"24":{"start":{"line":37,"column":24},"end":{"line":40,"column":null}},"25":{"start":{"line":42,"column":2},"end":{"line":42,"column":24}},"26":{"start":{"line":45,"column":2},"end":{"line":45,"column":null}},"27":{"start":{"line":42,"column":24},"end":{"line":45,"column":null}},"28":{"start":{"line":47,"column":2},"end":{"line":47,"column":24}},"29":{"start":{"line":47,"column":30},"end":{"line":47,"column":null}},"30":{"start":{"line":47,"column":24},"end":{"line":47,"column":null}},"31":{"start":{"line":49,"column":2},"end":{"line":49,"column":24}},"32":{"start":{"line":52,"column":2},"end":{"line":52,"column":null}},"33":{"start":{"line":49,"column":24},"end":{"line":52,"column":null}},"34":{"start":{"line":54,"column":2},"end":{"line":54,"column":24}},"35":{"start":{"line":57,"column":2},"end":{"line":57,"column":null}},"36":{"start":{"line":54,"column":24},"end":{"line":57,"column":null}},"37":{"start":{"line":58,"column":2},"end":{"line":58,"column":24}},"38":{"start":{"line":58,"column":30},"end":{"line":58,"column":null}},"39":{"start":{"line":58,"column":24},"end":{"line":58,"column":null}},"40":{"start":{"line":60,"column":2},"end":{"line":60,"column":24}},"41":{"start":{"line":65,"column":2},"end":{"line":65,"column":null}},"42":{"start":{"line":60,"column":24},"end":{"line":65,"column":null}},"43":{"start":{"line":67,"column":2},"end":{"line":67,"column":24}},"44":{"start":{"line":72,"column":2},"end":{"line":72,"column":null}},"45":{"start":{"line":67,"column":24},"end":{"line":72,"column":null}},"46":{"start":{"line":74,"column":2},"end":{"line":74,"column":24}},"47":{"start":{"line":74,"column":34},"end":{"line":74,"column":null}},"48":{"start":{"line":74,"column":24},"end":{"line":74,"column":null}},"49":{"start":{"line":76,"column":2},"end":{"line":76,"column":24}},"50":{"start":{"line":76,"column":32},"end":{"line":76,"column":null}},"51":{"start":{"line":76,"column":24},"end":{"line":76,"column":null}},"52":{"start":{"line":78,"column":2},"end":{"line":78,"column":24}},"53":{"start":{"line":78,"column":33},"end":{"line":78,"column":null}},"54":{"start":{"line":78,"column":24},"end":{"line":78,"column":null}},"55":{"start":{"line":80,"column":2},"end":{"line":80,"column":24}},"56":{"start":{"line":83,"column":2},"end":{"line":83,"column":null}},"57":{"start":{"line":80,"column":24},"end":{"line":83,"column":null}},"58":{"start":{"line":85,"column":2},"end":{"line":85,"column":24}},"59":{"start":{"line":85,"column":30},"end":{"line":85,"column":null}},"60":{"start":{"line":85,"column":24},"end":{"line":85,"column":null}},"61":{"start":{"line":87,"column":2},"end":{"line":87,"column":24}},"62":{"start":{"line":87,"column":42},"end":{"line":87,"column":null}},"63":{"start":{"line":87,"column":24},"end":{"line":87,"column":null}},"64":{"start":{"line":89,"column":2},"end":{"line":89,"column":24}},"65":{"start":{"line":89,"column":30},"end":{"line":89,"column":null}},"66":{"start":{"line":89,"column":24},"end":{"line":89,"column":null}},"67":{"start":{"line":91,"column":2},"end":{"line":91,"column":24}},"68":{"start":{"line":91,"column":30},"end":{"line":91,"column":null}},"69":{"start":{"line":91,"column":24},"end":{"line":91,"column":null}},"70":{"start":{"line":93,"column":2},"end":{"line":93,"column":24}},"71":{"start":{"line":96,"column":2},"end":{"line":96,"column":null}},"72":{"start":{"line":93,"column":24},"end":{"line":96,"column":null}},"73":{"start":{"line":98,"column":2},"end":{"line":98,"column":24}},"74":{"start":{"line":103,"column":2},"end":{"line":103,"column":null}},"75":{"start":{"line":98,"column":24},"end":{"line":103,"column":null}},"76":{"start":{"line":105,"column":2},"end":{"line":105,"column":24}},"77":{"start":{"line":105,"column":33},"end":{"line":105,"column":null}},"78":{"start":{"line":105,"column":24},"end":{"line":105,"column":null}},"79":{"start":{"line":107,"column":2},"end":{"line":107,"column":24}},"80":{"start":{"line":107,"column":29},"end":{"line":107,"column":null}},"81":{"start":{"line":107,"column":24},"end":{"line":107,"column":null}}},"fnMap":{"0":{"name":"(anonymous_6)","decl":{"start":{"line":4,"column":0},"end":{"line":4,"column":14}},"loc":{"start":{"line":4,"column":21},"end":{"line":9,"column":1}}},"1":{"name":"(anonymous_7)","decl":{"start":{"line":5,"column":2},"end":{"line":5,"column":24}},"loc":{"start":{"line":5,"column":2},"end":{"line":5,"column":1}}},"2":{"name":"(anonymous_9)","decl":{"start":{"line":6,"column":2},"end":{"line":6,"column":24}},"loc":{"start":{"line":6,"column":2},"end":{"line":6,"column":1}}},"3":{"name":"(anonymous_11)","decl":{"start":{"line":7,"column":2},"end":{"line":7,"column":24}},"loc":{"start":{"line":7,"column":2},"end":{"line":7,"column":1}}},"4":{"name":"(anonymous_13)","decl":{"start":{"line":8,"column":2},"end":{"line":8,"column":24}},"loc":{"start":{"line":8,"column":2},"end":{"line":8,"column":1}}},"5":{"name":"(anonymous_15)","decl":{"start":{"line":11,"column":0},"end":{"line":11,"column":14}},"loc":{"start":{"line":11,"column":22},"end":{"line":108,"column":1}}},"6":{"name":"(anonymous_16)","decl":{"start":{"line":35,"column":2},"end":{"line":35,"column":24}},"loc":{"start":{"line":35,"column":2},"end":{"line":35,"column":1}}},"7":{"name":"(anonymous_18)","decl":{"start":{"line":37,"column":2},"end":{"line":37,"column":24}},"loc":{"start":{"line":37,"column":2},"end":{"line":40,"column":null}}},"8":{"name":"(anonymous_20)","decl":{"start":{"line":42,"column":2},"end":{"line":42,"column":24}},"loc":{"start":{"line":42,"column":2},"end":{"line":45,"column":null}}},"9":{"name":"(anonymous_22)","decl":{"start":{"line":47,"column":2},"end":{"line":47,"column":24}},"loc":{"start":{"line":47,"column":2},"end":{"line":47,"column":1}}},"10":{"name":"(anonymous_24)","decl":{"start":{"line":49,"column":2},"end":{"line":49,"column":24}},"loc":{"start":{"line":49,"column":2},"end":{"line":52,"column":null}}},"11":{"name":"(anonymous_26)","decl":{"start":{"line":54,"column":2},"end":{"line":54,"column":24}},"loc":{"start":{"line":54,"column":2},"end":{"line":57,"column":null}}},"12":{"name":"(anonymous_28)","decl":{"start":{"line":58,"column":2},"end":{"line":58,"column":24}},"loc":{"start":{"line":58,"column":2},"end":{"line":58,"column":1}}},"13":{"name":"(anonymous_30)","decl":{"start":{"line":60,"column":2},"end":{"line":60,"column":24}},"loc":{"start":{"line":60,"column":2},"end":{"line":65,"column":null}}},"14":{"name":"(anonymous_32)","decl":{"start":{"line":67,"column":2},"end":{"line":67,"column":24}},"loc":{"start":{"line":67,"column":2},"end":{"line":72,"column":null}}},"15":{"name":"(anonymous_34)","decl":{"start":{"line":74,"column":2},"end":{"line":74,"column":24}},"loc":{"start":{"line":74,"column":2},"end":{"line":74,"column":1}}},"16":{"name":"(anonymous_36)","decl":{"start":{"line":76,"column":2},"end":{"line":76,"column":24}},"loc":{"start":{"line":76,"column":2},"end":{"line":76,"column":1}}},"17":{"name":"(anonymous_38)","decl":{"start":{"line":78,"column":2},"end":{"line":78,"column":24}},"loc":{"start":{"line":78,"column":2},"end":{"line":78,"column":1}}},"18":{"name":"(anonymous_40)","decl":{"start":{"line":80,"column":2},"end":{"line":80,"column":24}},"loc":{"start":{"line":80,"column":2},"end":{"line":83,"column":null}}},"19":{"name":"(anonymous_42)","decl":{"start":{"line":85,"column":2},"end":{"line":85,"column":24}},"loc":{"start":{"line":85,"column":2},"end":{"line":85,"column":1}}},"20":{"name":"(anonymous_44)","decl":{"start":{"line":87,"column":2},"end":{"line":87,"column":24}},"loc":{"start":{"line":87,"column":2},"end":{"line":87,"column":1}}},"21":{"name":"(anonymous_46)","decl":{"start":{"line":89,"column":2},"end":{"line":89,"column":24}},"loc":{"start":{"line":89,"column":2},"end":{"line":89,"column":1}}},"22":{"name":"(anonymous_48)","decl":{"start":{"line":91,"column":2},"end":{"line":91,"column":24}},"loc":{"start":{"line":91,"column":2},"end":{"line":91,"column":1}}},"23":{"name":"(anonymous_50)","decl":{"start":{"line":93,"column":2},"end":{"line":93,"column":24}},"loc":{"start":{"line":93,"column":2},"end":{"line":96,"column":null}}},"24":{"name":"(anonymous_52)","decl":{"start":{"line":98,"column":2},"end":{"line":98,"column":24}},"loc":{"start":{"line":98,"column":2},"end":{"line":103,"column":null}}},"25":{"name":"(anonymous_54)","decl":{"start":{"line":105,"column":2},"end":{"line":105,"column":24}},"loc":{"start":{"line":105,"column":2},"end":{"line":105,"column":1}}},"26":{"name":"(anonymous_56)","decl":{"start":{"line":107,"column":2},"end":{"line":107,"column":24}},"loc":{"start":{"line":107,"column":2},"end":{"line":107,"column":1}}}},"branchMap":{"0":{"loc":{"start":{"line":4,"column":14},"end":{"line":4,"column":21}},"type":"binary-expr","locations":[{"start":{"line":4,"column":14},"end":{"line":4,"column":21}},{"start":{"line":4,"column":14},"end":{"line":4,"column":null}}]},"1":{"loc":{"start":{"line":11,"column":14},"end":{"line":11,"column":22}},"type":"binary-expr","locations":[{"start":{"line":11,"column":14},"end":{"line":11,"column":22}},{"start":{"line":11,"column":14},"end":{"line":11,"column":null}}]}},"s":{"0":2,"1":2,"2":2,"3":2,"4":2,"5":2,"6":2,"7":2,"8":2,"9":2,"10":2,"11":2,"12":2,"13":2,"14":2,"15":2,"16":2,"17":2,"18":2,"19":2,"20":2,"21":2,"22":2,"23":2,"24":2,"25":2,"26":2,"27":2,"28":2,"29":2,"30":2,"31":2,"32":2,"33":2,"34":2,"35":2,"36":2,"37":2,"38":2,"39":2,"40":2,"41":2,"42":2,"43":2,"44":2,"45":2,"46":2,"47":2,"48":2,"49":2,"50":2,"51":2,"52":2,"53":2,"54":2,"55":2,"56":2,"57":2,"58":2,"59":2,"60":2,"61":2,"62":2,"63":2,"64":2,"65":2,"66":2,"67":2,"68":2,"69":2,"70":2,"71":2,"72":2,"73":2,"74":2,"75":2,"76":2,"77":2,"78":2,"79":2,"80":2,"81":2},"f":{"0":2,"1":3,"2":2,"3":2,"4":2,"5":2,"6":3,"7":3,"8":5,"9":3,"10":3,"11":3,"12":3,"13":3,"14":3,"15":3,"16":3,"17":3,"18":3,"19":3,"20":3,"21":3,"22":3,"23":3,"24":4,"25":3,"26":3},"b":{"0":[2,2],"1":[2,2]}}
,"/Users/lor/gitprojects/dbs/src/backends/postgresql/types.ts": {"path":"/Users/lor/gitprojects/dbs/src/backends/postgresql/types.ts","statementMap":{"0":{"start":{"line":1,"column":0},"end":{"line":1,"column":39}},"1":{"start":{"line":3,"column":0},"end":{"line":3,"column":13}},"2":{"start":{"line":4,"column":9},"end":{"line":6,"column":null}},"3":{"start":{"line":5,"column":4},"end":{"line":5,"column":33}},"4":{"start":{"line":7,"column":9},"end":{"line":9,"column":null}},"5":{"start":{"line":8,"column":4},"end":{"line":8,"column":36}},"6":{"start":{"line":10,"column":9},"end":{"line":12,"column":null}},"7":{"start":{"line":11,"column":4},"end":{"line":11,"column":30}},"8":{"start":{"line":13,"column":9},"end":{"line":15,"column":null}},"9":{"start":{"line":14,"column":4},"end":{"line":14,"column":41}},"10":{"start":{"line":16,"column":9},"end":{"line":18,"column":null}},"11":{"start":{"line":17,"column":4},"end":{"line":17,"column":44}},"12":{"start":{"line":19,"column":9},"end":{"line":21,"column":null}},"13":{"start":{"line":20,"column":4},"end":{"line":20,"column":30}},"14":{"start":{"line":22,"column":9},"end":{"line":24,"column":null}},"15":{"start":{"line":23,"column":4},"end":{"line":23,"column":49}},"16":{"start":{"line":25,"column":9},"end":{"line":27,"column":null}},"17":{"start":{"line":26,"column":4},"end":{"line":26,"column":49}},"18":{"start":{"line":28,"column":9},"end":{"line":30,"column":null}},"19":{"start":{"line":29,"column":4},"end":{"line":29,"column":34}},"20":{"start":{"line":31,"column":9},"end":{"line":33,"column":null}},"21":{"start":{"line":32,"column":4},"end":{"line":32,"column":33}},"22":{"start":{"line":34,"column":9},"end":{"line":36,"column":null}},"23":{"start":{"line":35,"column":4},"end":{"line":35,"column":32}},"24":{"start":{"line":37,"column":9},"end":{"line":39,"column":null}},"25":{"start":{"line":38,"column":4},"end":{"line":38,"column":40}},"26":{"start":{"line":40,"column":9},"end":{"line":42,"column":null}},"27":{"start":{"line":41,"column":4},"end":{"line":41,"column":30}},"28":{"start":{"line":43,"column":9},"end":{"line":45,"column":null}},"29":{"start":{"line":44,"column":4},"end":{"line":44,"column":42}},"30":{"start":{"line":46,"column":9},"end":{"line":48,"column":null}},"31":{"start":{"line":47,"column":4},"end":{"line":47,"column":30}},"32":{"start":{"line":49,"column":9},"end":{"line":51,"column":null}},"33":{"start":{"line":50,"column":4},"end":{"line":50,"column":30}},"34":{"start":{"line":52,"column":9},"end":{"line":54,"column":null}},"35":{"start":{"line":53,"column":4},"end":{"line":53,"column":37}},"36":{"start":{"line":55,"column":9},"end":{"line":57,"column":null}},"37":{"start":{"line":56,"column":4},"end":{"line":56,"column":42}},"38":{"start":{"line":58,"column":9},"end":{"line":60,"column":null}},"39":{"start":{"line":59,"column":4},"end":{"line":59,"column":33}},"40":{"start":{"line":61,"column":9},"end":{"line":63,"column":null}},"41":{"start":{"line":62,"column":4},"end":{"line":62,"column":29}},"42":{"start":{"line":64,"column":0},"end":{"line":64,"column":null}},"43":{"start":{"line":3,"column":13},"end":{"line":3,"column":32}},"44":{"start":{"line":66,"column":0},"end":{"line":66,"column":null}},"45":{"start":{"line":66,"column":34},"end":{"line":66,"column":42}},"46":{"start":{"line":69,"column":4},"end":{"line":69,"column":null}},"47":{"start":{"line":70,"column":4},"end":{"line":70,"column":20}},"48":{"start":{"line":72,"column":9},"end":{"line":74,"column":null}},"49":{"start":{"line":73,"column":4},"end":{"line":73,"column":23}},"50":{"start":{"line":75,"column":0},"end":{"line":75,"column":null}},"51":{"start":{"line":66,"column":13},"end":{"line":66,"column":25}},"52":{"start":{"line":77,"column":0},"end":{"line":77,"column":null}},"53":{"start":{"line":77,"column":37},"end":{"line":77,"column":45}},"54":{"start":{"line":80,"column":4},"end":{"line":80,"column":null}},"55":{"start":{"line":81,"column":4},"end":{"line":81,"column":20}},"56":{"start":{"line":83,"column":9},"end":{"line":85,"column":null}},"57":{"start":{"line":84,"column":4},"end":{"line":84,"column":23}},"58":{"start":{"line":86,"column":0},"end":{"line":86,"column":null}},"59":{"start":{"line":77,"column":13},"end":{"line":77,"column":28}},"60":{"start":{"line":88,"column":0},"end":{"line":88,"column":null}},"61":{"start":{"line":88,"column":34},"end":{"line":88,"column":42}},"62":{"start":{"line":90,"column":4},"end":{"line":90,"column":null}},"63":{"start":{"line":92,"column":0},"end":{"line":92,"column":null}},"64":{"start":{"line":88,"column":13},"end":{"line":88,"column":25}},"65":{"start":{"line":94,"column":0},"end":{"line":94,"column":null}},"66":{"start":{"line":94,"column":36},"end":{"line":94,"column":44}},"67":{"start":{"line":97,"column":4},"end":{"line":97,"column":null}},"68":{"start":{"line":98,"column":4},"end":{"line":98,"column":20}},"69":{"start":{"line":100,"column":9},"end":{"line":102,"column":null}},"70":{"start":{"line":101,"column":4},"end":{"line":101,"column":23}},"71":{"start":{"line":103,"column":0},"end":{"line":103,"column":null}},"72":{"start":{"line":94,"column":13},"end":{"line":94,"column":27}},"73":{"start":{"line":105,"column":0},"end":{"line":105,"column":null}},"74":{"start":{"line":105,"column":39},"end":{"line":105,"column":47}},"75":{"start":{"line":108,"column":4},"end":{"line":108,"column":null}},"76":{"start":{"line":109,"column":4},"end":{"line":109,"column":20}},"77":{"start":{"line":111,"column":9},"end":{"line":113,"column":null}},"78":{"start":{"line":112,"column":4},"end":{"line":112,"column":23}},"79":{"start":{"line":114,"column":0},"end":{"line":114,"column":null}},"80":{"start":{"line":105,"column":13},"end":{"line":105,"column":30}},"81":{"start":{"line":116,"column":0},"end":{"line":116,"column":null}},"82":{"start":{"line":116,"column":34},"end":{"line":116,"column":42}},"83":{"start":{"line":118,"column":4},"end":{"line":118,"column":null}},"84":{"start":{"line":120,"column":0},"end":{"line":120,"column":null}},"85":{"start":{"line":116,"column":13},"end":{"line":116,"column":25}},"86":{"start":{"line":122,"column":0},"end":{"line":122,"column":null}},"87":{"start":{"line":122,"column":37},"end":{"line":122,"column":45}},"88":{"start":{"line":126,"column":4},"end":{"line":126,"column":null}},"89":{"start":{"line":127,"column":4},"end":{"line":127,"column":23}},"90":{"start":{"line":128,"column":4},"end":{"line":128,"column":19}},"91":{"start":{"line":130,"column":9},"end":{"line":132,"column":null}},"92":{"start":{"line":131,"column":4},"end":{"line":131,"column":26}},"93":{"start":{"line":133,"column":9},"end":{"line":135,"column":null}},"94":{"start":{"line":134,"column":4},"end":{"line":134,"column":22}},"95":{"start":{"line":136,"column":0},"end":{"line":136,"column":null}},"96":{"start":{"line":122,"column":13},"end":{"line":122,"column":28}},"97":{"start":{"line":138,"column":0},"end":{"line":138,"column":null}},"98":{"start":{"line":138,"column":37},"end":{"line":138,"column":45}},"99":{"start":{"line":142,"column":4},"end":{"line":142,"column":null}},"100":{"start":{"line":143,"column":4},"end":{"line":143,"column":23}},"101":{"start":{"line":144,"column":4},"end":{"line":144,"column":19}},"102":{"start":{"line":146,"column":9},"end":{"line":148,"column":null}},"103":{"start":{"line":147,"column":4},"end":{"line":147,"column":26}},"104":{"start":{"line":149,"column":9},"end":{"line":151,"column":null}},"105":{"start":{"line":150,"column":4},"end":{"line":150,"column":22}},"106":{"start":{"line":152,"column":0},"end":{"line":152,"column":null}},"107":{"start":{"line":138,"column":13},"end":{"line":138,"column":28}},"108":{"start":{"line":154,"column":0},"end":{"line":154,"column":null}},"109":{"start":{"line":154,"column":38},"end":{"line":154,"column":46}},"110":{"start":{"line":156,"column":4},"end":{"line":156,"column":null}},"111":{"start":{"line":158,"column":0},"end":{"line":158,"column":null}},"112":{"start":{"line":154,"column":13},"end":{"line":154,"column":29}},"113":{"start":{"line":160,"column":0},"end":{"line":160,"column":null}},"114":{"start":{"line":160,"column":37},"end":{"line":160,"column":45}},"115":{"start":{"line":162,"column":4},"end":{"line":162,"column":null}},"116":{"start":{"line":164,"column":0},"end":{"line":164,"column":null}},"117":{"start":{"line":160,"column":13},"end":{"line":160,"column":28}},"118":{"start":{"line":166,"column":0},"end":{"line":166,"column":null}},"119":{"start":{"line":166,"column":36},"end":{"line":166,"column":44}},"120":{"start":{"line":168,"column":4},"end":{"line":168,"column":null}},"121":{"start":{"line":170,"column":0},"end":{"line":170,"column":null}},"122":{"start":{"line":166,"column":13},"end":{"line":166,"column":27}},"123":{"start":{"line":172,"column":0},"end":{"line":172,"column":null}},"124":{"start":{"line":172,"column":35},"end":{"line":172,"column":43}},"125":{"start":{"line":175,"column":4},"end":{"line":175,"column":null}},"126":{"start":{"line":176,"column":4},"end":{"line":176,"column":23}},"127":{"start":{"line":178,"column":2},"end":{"line":180,"column":null}},"128":{"start":{"line":179,"column":4},"end":{"line":179,"column":26}},"129":{"start":{"line":181,"column":0},"end":{"line":181,"column":null}},"130":{"start":{"line":172,"column":13},"end":{"line":172,"column":26}},"131":{"start":{"line":183,"column":0},"end":{"line":183,"column":null}},"132":{"start":{"line":183,"column":34},"end":{"line":183,"column":42}},"133":{"start":{"line":185,"column":4},"end":{"line":185,"column":null}},"134":{"start":{"line":187,"column":0},"end":{"line":187,"column":null}},"135":{"start":{"line":183,"column":13},"end":{"line":183,"column":25}},"136":{"start":{"line":189,"column":0},"end":{"line":189,"column":null}},"137":{"start":{"line":189,"column":46},"end":{"line":189,"column":54}},"138":{"start":{"line":191,"column":4},"end":{"line":191,"column":null}},"139":{"start":{"line":193,"column":0},"end":{"line":193,"column":null}},"140":{"start":{"line":189,"column":13},"end":{"line":189,"column":37}},"141":{"start":{"line":195,"column":0},"end":{"line":195,"column":null}},"142":{"start":{"line":195,"column":34},"end":{"line":195,"column":42}},"143":{"start":{"line":197,"column":4},"end":{"line":197,"column":null}},"144":{"start":{"line":199,"column":0},"end":{"line":199,"column":null}},"145":{"start":{"line":195,"column":13},"end":{"line":195,"column":25}},"146":{"start":{"line":201,"column":0},"end":{"line":201,"column":null}},"147":{"start":{"line":201,"column":34},"end":{"line":201,"column":42}},"148":{"start":{"line":203,"column":4},"end":{"line":203,"column":null}},"149":{"start":{"line":205,"column":0},"end":{"line":205,"column":null}},"150":{"start":{"line":201,"column":13},"end":{"line":201,"column":25}},"151":{"start":{"line":207,"column":0},"end":{"line":207,"column":null}},"152":{"start":{"line":207,"column":39},"end":{"line":207,"column":47}},"153":{"start":{"line":210,"column":4},"end":{"line":210,"column":null}},"154":{"start":{"line":211,"column":4},"end":{"line":211,"column":17}},"155":{"start":{"line":214,"column":2},"end":{"line":224,"column":null}},"156":{"start":{"line":215,"column":4},"end":{"line":223,"column":null}},"157":{"start":{"line":216,"column":6},"end":{"line":220,"column":null}},"158":{"start":{"line":217,"column":8},"end":{"line":217,"column":20}},"159":{"start":{"line":219,"column":8},"end":{"line":219,"column":21}},"160":{"start":{"line":222,"column":6},"end":{"line":222,"column":19}},"161":{"start":{"line":225,"column":0},"end":{"line":225,"column":null}},"162":{"start":{"line":207,"column":13},"end":{"line":207,"column":30}},"163":{"start":{"line":227,"column":0},"end":{"line":227,"column":null}},"164":{"start":{"line":227,"column":38},"end":{"line":227,"column":46}},"165":{"start":{"line":231,"column":4},"end":{"line":231,"column":null}},"166":{"start":{"line":232,"column":4},"end":{"line":232,"column":21}},"167":{"start":{"line":233,"column":4},"end":{"line":233,"column":17}},"168":{"start":{"line":235,"column":2},"end":{"line":237,"column":null}},"169":{"start":{"line":236,"column":4},"end":{"line":236,"column":21}},"170":{"start":{"line":238,"column":2},"end":{"line":240,"column":null}},"171":{"start":{"line":239,"column":4},"end":{"line":239,"column":19}},"172":{"start":{"line":241,"column":0},"end":{"line":241,"column":null}},"173":{"start":{"line":227,"column":13},"end":{"line":227,"column":29}},"174":{"start":{"line":243,"column":0},"end":{"line":243,"column":null}},"175":{"start":{"line":243,"column":37},"end":{"line":243,"column":45}},"176":{"start":{"line":245,"column":4},"end":{"line":245,"column":null}},"177":{"start":{"line":247,"column":0},"end":{"line":247,"column":null}},"178":{"start":{"line":243,"column":13},"end":{"line":243,"column":28}},"179":{"start":{"line":249,"column":0},"end":{"line":249,"column":null}},"180":{"start":{"line":249,"column":33},"end":{"line":249,"column":41}},"181":{"start":{"line":251,"column":4},"end":{"line":251,"column":null}},"182":{"start":{"line":253,"column":0},"end":{"line":253,"column":null}},"183":{"start":{"line":249,"column":13},"end":{"line":249,"column":24}}},"fnMap":{"0":{"name":"(anonymous_6)","decl":{"start":{"line":3,"column":0},"end":{"line":3,"column":13}},"loc":{"start":{"line":3,"column":0},"end":{"line":64,"column":null}}},"1":{"name":"(anonymous_8)","decl":{"start":{"line":4,"column":2},"end":{"line":4,"column":9}},"loc":{"start":{"line":4,"column":31},"end":{"line":6,"column":3}}},"2":{"name":"(anonymous_9)","decl":{"start":{"line":7,"column":2},"end":{"line":7,"column":9}},"loc":{"start":{"line":7,"column":34},"end":{"line":9,"column":3}}},"3":{"name":"(anonymous_10)","decl":{"start":{"line":10,"column":2},"end":{"line":10,"column":9}},"loc":{"start":{"line":10,"column":2},"end":{"line":12,"column":3}}},"4":{"name":"(anonymous_11)","decl":{"start":{"line":13,"column":2},"end":{"line":13,"column":9}},"loc":{"start":{"line":13,"column":39},"end":{"line":15,"column":3}}},"5":{"name":"(anonymous_12)","decl":{"start":{"line":16,"column":2},"end":{"line":16,"column":9}},"loc":{"start":{"line":16,"column":42},"end":{"line":18,"column":3}}},"6":{"name":"(anonymous_13)","decl":{"start":{"line":19,"column":2},"end":{"line":19,"column":9}},"loc":{"start":{"line":19,"column":2},"end":{"line":21,"column":3}}},"7":{"name":"(anonymous_14)","decl":{"start":{"line":22,"column":2},"end":{"line":22,"column":9}},"loc":{"start":{"line":22,"column":55},"end":{"line":24,"column":3}}},"8":{"name":"(anonymous_15)","decl":{"start":{"line":25,"column":2},"end":{"line":25,"column":9}},"loc":{"start":{"line":25,"column":55},"end":{"line":27,"column":3}}},"9":{"name":"(anonymous_16)","decl":{"start":{"line":28,"column":2},"end":{"line":28,"column":9}},"loc":{"start":{"line":28,"column":2},"end":{"line":30,"column":3}}},"10":{"name":"(anonymous_17)","decl":{"start":{"line":31,"column":2},"end":{"line":31,"column":9}},"loc":{"start":{"line":31,"column":2},"end":{"line":33,"column":3}}},"11":{"name":"(anonymous_18)","decl":{"start":{"line":34,"column":2},"end":{"line":34,"column":9}},"loc":{"start":{"line":34,"column":2},"end":{"line":36,"column":3}}},"12":{"name":"(anonymous_19)","decl":{"start":{"line":37,"column":2},"end":{"line":37,"column":9}},"loc":{"start":{"line":37,"column":38},"end":{"line":39,"column":3}}},"13":{"name":"(anonymous_20)","decl":{"start":{"line":40,"column":2},"end":{"line":40,"column":9}},"loc":{"start":{"line":40,"column":2},"end":{"line":42,"column":3}}},"14":{"name":"(anonymous_21)","decl":{"start":{"line":43,"column":2},"end":{"line":43,"column":9}},"loc":{"start":{"line":43,"column":2},"end":{"line":45,"column":3}}},"15":{"name":"(anonymous_22)","decl":{"start":{"line":46,"column":2},"end":{"line":46,"column":9}},"loc":{"start":{"line":46,"column":2},"end":{"line":48,"column":3}}},"16":{"name":"(anonymous_23)","decl":{"start":{"line":49,"column":2},"end":{"line":49,"column":9}},"loc":{"start":{"line":49,"column":2},"end":{"line":51,"column":3}}},"17":{"name":"(anonymous_24)","decl":{"start":{"line":52,"column":2},"end":{"line":52,"column":9}},"loc":{"start":{"line":52,"column":35},"end":{"line":54,"column":3}}},"18":{"name":"(anonymous_25)","decl":{"start":{"line":55,"column":2},"end":{"line":55,"column":9}},"loc":{"start":{"line":55,"column":48},"end":{"line":57,"column":3}}},"19":{"name":"(anonymous_26)","decl":{"start":{"line":58,"column":2},"end":{"line":58,"column":9}},"loc":{"start":{"line":58,"column":2},"end":{"line":60,"column":3}}},"20":{"name":"(anonymous_27)","decl":{"start":{"line":61,"column":2},"end":{"line":61,"column":9}},"loc":{"start":{"line":61,"column":2},"end":{"line":63,"column":3}}},"21":{"name":"(anonymous_28)","decl":{"start":{"line":66,"column":0},"end":{"line":66,"column":13}},"loc":{"start":{"line":66,"column":0},"end":{"line":75,"column":null}}},"22":{"name":"PostgresCHAR","decl":{"start":{"line":68,"column":2},"end":{"line":68,"column":14}},"loc":{"start":{"line":68,"column":23},"end":{"line":71,"column":3}}},"23":{"name":"(anonymous_30)","decl":{"start":{"line":72,"column":2},"end":{"line":72,"column":9}},"loc":{"start":{"line":72,"column":2},"end":{"line":74,"column":3}}},"24":{"name":"(anonymous_31)","decl":{"start":{"line":77,"column":0},"end":{"line":77,"column":13}},"loc":{"start":{"line":77,"column":0},"end":{"line":86,"column":null}}},"25":{"name":"PostgresVARCHAR","decl":{"start":{"line":79,"column":2},"end":{"line":79,"column":14}},"loc":{"start":{"line":79,"column":23},"end":{"line":82,"column":3}}},"26":{"name":"(anonymous_33)","decl":{"start":{"line":83,"column":2},"end":{"line":83,"column":9}},"loc":{"start":{"line":83,"column":2},"end":{"line":85,"column":3}}},"27":{"name":"(anonymous_34)","decl":{"start":{"line":88,"column":0},"end":{"line":88,"column":13}},"loc":{"start":{"line":88,"column":0},"end":{"line":92,"column":null}}},"28":{"name":"PostgresCLOB","decl":{"start":{"line":89,"column":2},"end":{"line":89,"column":null}},"loc":{"start":{"line":89,"column":2},"end":{"line":91,"column":3}}},"29":{"name":"(anonymous_36)","decl":{"start":{"line":94,"column":0},"end":{"line":94,"column":13}},"loc":{"start":{"line":94,"column":0},"end":{"line":103,"column":null}}},"30":{"name":"PostgresBINARY","decl":{"start":{"line":96,"column":2},"end":{"line":96,"column":14}},"loc":{"start":{"line":96,"column":23},"end":{"line":99,"column":3}}},"31":{"name":"(anonymous_38)","decl":{"start":{"line":100,"column":2},"end":{"line":100,"column":9}},"loc":{"start":{"line":100,"column":2},"end":{"line":102,"column":3}}},"32":{"name":"(anonymous_39)","decl":{"start":{"line":105,"column":0},"end":{"line":105,"column":13}},"loc":{"start":{"line":105,"column":0},"end":{"line":114,"column":null}}},"33":{"name":"PostgresVARBINARY","decl":{"start":{"line":107,"column":2},"end":{"line":107,"column":14}},"loc":{"start":{"line":107,"column":23},"end":{"line":110,"column":3}}},"34":{"name":"(anonymous_41)","decl":{"start":{"line":111,"column":2},"end":{"line":111,"column":9}},"loc":{"start":{"line":111,"column":2},"end":{"line":113,"column":3}}},"35":{"name":"(anonymous_42)","decl":{"start":{"line":116,"column":0},"end":{"line":116,"column":13}},"loc":{"start":{"line":116,"column":0},"end":{"line":120,"column":null}}},"36":{"name":"PostgresBLOB","decl":{"start":{"line":117,"column":2},"end":{"line":117,"column":null}},"loc":{"start":{"line":117,"column":2},"end":{"line":119,"column":3}}},"37":{"name":"(anonymous_44)","decl":{"start":{"line":122,"column":0},"end":{"line":122,"column":13}},"loc":{"start":{"line":122,"column":0},"end":{"line":136,"column":null}}},"38":{"name":"PostgresNUMERIC","decl":{"start":{"line":125,"column":2},"end":{"line":125,"column":14}},"loc":{"start":{"line":125,"column":34},"end":{"line":129,"column":3}}},"39":{"name":"(anonymous_46)","decl":{"start":{"line":130,"column":2},"end":{"line":130,"column":9}},"loc":{"start":{"line":130,"column":2},"end":{"line":132,"column":3}}},"40":{"name":"(anonymous_47)","decl":{"start":{"line":133,"column":2},"end":{"line":133,"column":9}},"loc":{"start":{"line":133,"column":2},"end":{"line":135,"column":3}}},"41":{"name":"(anonymous_48)","decl":{"start":{"line":138,"column":0},"end":{"line":138,"column":13}},"loc":{"start":{"line":138,"column":0},"end":{"line":152,"column":null}}},"42":{"name":"PostgresDECIMAL","decl":{"start":{"line":141,"column":2},"end":{"line":141,"column":14}},"loc":{"start":{"line":141,"column":34},"end":{"line":145,"column":3}}},"43":{"name":"(anonymous_50)","decl":{"start":{"line":146,"column":2},"end":{"line":146,"column":9}},"loc":{"start":{"line":146,"column":2},"end":{"line":148,"column":3}}},"44":{"name":"(anonymous_51)","decl":{"start":{"line":149,"column":2},"end":{"line":149,"column":9}},"loc":{"start":{"line":149,"column":2},"end":{"line":151,"column":3}}},"45":{"name":"(anonymous_52)","decl":{"start":{"line":154,"column":0},"end":{"line":154,"column":13}},"loc":{"start":{"line":154,"column":0},"end":{"line":158,"column":null}}},"46":{"name":"PostgresSMALLINT","decl":{"start":{"line":155,"column":2},"end":{"line":155,"column":null}},"loc":{"start":{"line":155,"column":2},"end":{"line":157,"column":3}}},"47":{"name":"(anonymous_54)","decl":{"start":{"line":160,"column":0},"end":{"line":160,"column":13}},"loc":{"start":{"line":160,"column":0},"end":{"line":164,"column":null}}},"48":{"name":"PostgresINTEGER","decl":{"start":{"line":161,"column":2},"end":{"line":161,"column":null}},"loc":{"start":{"line":161,"column":2},"end":{"line":163,"column":3}}},"49":{"name":"(anonymous_56)","decl":{"start":{"line":166,"column":0},"end":{"line":166,"column":13}},"loc":{"start":{"line":166,"column":0},"end":{"line":170,"column":null}}},"50":{"name":"PostgresBIGINT","decl":{"start":{"line":167,"column":2},"end":{"line":167,"column":null}},"loc":{"start":{"line":167,"column":2},"end":{"line":169,"column":3}}},"51":{"name":"(anonymous_58)","decl":{"start":{"line":172,"column":0},"end":{"line":172,"column":13}},"loc":{"start":{"line":172,"column":0},"end":{"line":181,"column":null}}},"52":{"name":"PostgresFLOAT","decl":{"start":{"line":174,"column":2},"end":{"line":174,"column":14}},"loc":{"start":{"line":174,"column":23},"end":{"line":177,"column":3}}},"53":{"name":"(anonymous_60)","decl":{"start":{"line":178,"column":2},"end":{"line":178,"column":14}},"loc":{"start":{"line":178,"column":2},"end":{"line":180,"column":3}}},"54":{"name":"(anonymous_61)","decl":{"start":{"line":183,"column":0},"end":{"line":183,"column":13}},"loc":{"start":{"line":183,"column":0},"end":{"line":187,"column":null}}},"55":{"name":"PostgresREAL","decl":{"start":{"line":184,"column":2},"end":{"line":184,"column":null}},"loc":{"start":{"line":184,"column":2},"end":{"line":186,"column":3}}},"56":{"name":"(anonymous_63)","decl":{"start":{"line":189,"column":0},"end":{"line":189,"column":13}},"loc":{"start":{"line":189,"column":0},"end":{"line":193,"column":null}}},"57":{"name":"PostgresDOUBLE_PRECISION","decl":{"start":{"line":190,"column":2},"end":{"line":190,"column":null}},"loc":{"start":{"line":190,"column":2},"end":{"line":192,"column":3}}},"58":{"name":"(anonymous_65)","decl":{"start":{"line":195,"column":0},"end":{"line":195,"column":13}},"loc":{"start":{"line":195,"column":0},"end":{"line":199,"column":null}}},"59":{"name":"PostgresDATE","decl":{"start":{"line":196,"column":2},"end":{"line":196,"column":null}},"loc":{"start":{"line":196,"column":2},"end":{"line":198,"column":3}}},"60":{"name":"(anonymous_67)","decl":{"start":{"line":201,"column":0},"end":{"line":201,"column":13}},"loc":{"start":{"line":201,"column":0},"end":{"line":205,"column":null}}},"61":{"name":"PostgresTIME","decl":{"start":{"line":202,"column":2},"end":{"line":202,"column":null}},"loc":{"start":{"line":202,"column":2},"end":{"line":204,"column":3}}},"62":{"name":"(anonymous_69)","decl":{"start":{"line":207,"column":0},"end":{"line":207,"column":13}},"loc":{"start":{"line":207,"column":0},"end":{"line":225,"column":null}}},"63":{"name":"PostgresTIMESTAMP","decl":{"start":{"line":209,"column":2},"end":{"line":209,"column":14}},"loc":{"start":{"line":209,"column":31},"end":{"line":212,"column":3}}},"64":{"name":"(anonymous_71)","decl":{"start":{"line":214,"column":2},"end":{"line":214,"column":17}},"loc":{"start":{"line":214,"column":2},"end":{"line":224,"column":3}}},"65":{"name":"(anonymous_72)","decl":{"start":{"line":227,"column":0},"end":{"line":227,"column":13}},"loc":{"start":{"line":227,"column":0},"end":{"line":241,"column":null}}},"66":{"name":"PostgresINTERVAL","decl":{"start":{"line":230,"column":2},"end":{"line":230,"column":14}},"loc":{"start":{"line":230,"column":38},"end":{"line":234,"column":3}}},"67":{"name":"(anonymous_74)","decl":{"start":{"line":235,"column":2},"end":{"line":235,"column":9}},"loc":{"start":{"line":235,"column":2},"end":{"line":237,"column":3}}},"68":{"name":"(anonymous_75)","decl":{"start":{"line":238,"column":2},"end":{"line":238,"column":7}},"loc":{"start":{"line":238,"column":2},"end":{"line":240,"column":3}}},"69":{"name":"(anonymous_76)","decl":{"start":{"line":243,"column":0},"end":{"line":243,"column":13}},"loc":{"start":{"line":243,"column":0},"end":{"line":247,"column":null}}},"70":{"name":"PostgresBOOLEAN","decl":{"start":{"line":244,"column":2},"end":{"line":244,"column":null}},"loc":{"start":{"line":244,"column":2},"end":{"line":246,"column":3}}},"71":{"name":"(anonymous_78)","decl":{"start":{"line":249,"column":0},"end":{"line":249,"column":13}},"loc":{"start":{"line":249,"column":0},"end":{"line":253,"column":null}}},"72":{"name":"PostgresXML","decl":{"start":{"line":250,"column":2},"end":{"line":250,"column":null}},"loc":{"start":{"line":250,"column":2},"end":{"line":252,"column":3}}}},"branchMap":{"0":{"loc":{"start":{"line":69,"column":4},"end":{"line":69,"column":11}},"type":"binary-expr","locations":[{"start":{"line":69,"column":4},"end":{"line":69,"column":11}},{"start":{"line":69,"column":11},"end":{"line":69,"column":null}}]},"1":{"loc":{"start":{"line":80,"column":4},"end":{"line":80,"column":11}},"type":"binary-expr","locations":[{"start":{"line":80,"column":4},"end":{"line":80,"column":11}},{"start":{"line":80,"column":11},"end":{"line":80,"column":null}}]},"2":{"loc":{"start":{"line":90,"column":4},"end":{"line":90,"column":11}},"type":"binary-expr","locations":[{"start":{"line":90,"column":4},"end":{"line":90,"column":11}},{"start":{"line":90,"column":11},"end":{"line":90,"column":null}}]},"3":{"loc":{"start":{"line":97,"column":4},"end":{"line":97,"column":11}},"type":"binary-expr","locations":[{"start":{"line":97,"column":4},"end":{"line":97,"column":11}},{"start":{"line":97,"column":11},"end":{"line":97,"column":null}}]},"4":{"loc":{"start":{"line":108,"column":4},"end":{"line":108,"column":11}},"type":"binary-expr","locations":[{"start":{"line":108,"column":4},"end":{"line":108,"column":11}},{"start":{"line":108,"column":11},"end":{"line":108,"column":null}}]},"5":{"loc":{"start":{"line":118,"column":4},"end":{"line":118,"column":11}},"type":"binary-expr","locations":[{"start":{"line":118,"column":4},"end":{"line":118,"column":11}},{"start":{"line":118,"column":11},"end":{"line":118,"column":null}}]},"6":{"loc":{"start":{"line":126,"column":4},"end":{"line":126,"column":11}},"type":"binary-expr","locations":[{"start":{"line":126,"column":4},"end":{"line":126,"column":11}},{"start":{"line":126,"column":11},"end":{"line":126,"column":null}}]},"7":{"loc":{"start":{"line":142,"column":4},"end":{"line":142,"column":11}},"type":"binary-expr","locations":[{"start":{"line":142,"column":4},"end":{"line":142,"column":11}},{"start":{"line":142,"column":11},"end":{"line":142,"column":null}}]},"8":{"loc":{"start":{"line":156,"column":4},"end":{"line":156,"column":11}},"type":"binary-expr","locations":[{"start":{"line":156,"column":4},"end":{"line":156,"column":11}},{"start":{"line":156,"column":11},"end":{"line":156,"column":null}}]},"9":{"loc":{"start":{"line":162,"column":4},"end":{"line":162,"column":11}},"type":"binary-expr","locations":[{"start":{"line":162,"column":4},"end":{"line":162,"column":11}},{"start":{"line":162,"column":11},"end":{"line":162,"column":null}}]},"10":{"loc":{"start":{"line":168,"column":4},"end":{"line":168,"column":11}},"type":"binary-expr","locations":[{"start":{"line":168,"column":4},"end":{"line":168,"column":11}},{"start":{"line":168,"column":11},"end":{"line":168,"column":null}}]},"11":{"loc":{"start":{"line":175,"column":4},"end":{"line":175,"column":11}},"type":"binary-expr","locations":[{"start":{"line":175,"column":4},"end":{"line":175,"column":11}},{"start":{"line":175,"column":11},"end":{"line":175,"column":null}}]},"12":{"loc":{"start":{"line":185,"column":4},"end":{"line":185,"column":11}},"type":"binary-expr","locations":[{"start":{"line":185,"column":4},"end":{"line":185,"column":11}},{"start":{"line":185,"column":11},"end":{"line":185,"column":null}}]},"13":{"loc":{"start":{"line":191,"column":4},"end":{"line":191,"column":11}},"type":"binary-expr","locations":[{"start":{"line":191,"column":4},"end":{"line":191,"column":11}},{"start":{"line":191,"column":11},"end":{"line":191,"column":null}}]},"14":{"loc":{"start":{"line":197,"column":4},"end":{"line":197,"column":11}},"type":"binary-expr","locations":[{"start":{"line":197,"column":4},"end":{"line":197,"column":11}},{"start":{"line":197,"column":11},"end":{"line":197,"column":null}}]},"15":{"loc":{"start":{"line":203,"column":4},"end":{"line":203,"column":11}},"type":"binary-expr","locations":[{"start":{"line":203,"column":4},"end":{"line":203,"column":11}},{"start":{"line":203,"column":11},"end":{"line":203,"column":null}}]},"16":{"loc":{"start":{"line":210,"column":4},"end":{"line":210,"column":11}},"type":"binary-expr","locations":[{"start":{"line":210,"column":4},"end":{"line":210,"column":11}},{"start":{"line":210,"column":11},"end":{"line":210,"column":null}}]},"17":{"loc":{"start":{"line":215,"column":4},"end":{"line":223,"column":null}},"type":"if","locations":[{"start":{"line":215,"column":4},"end":{"line":223,"column":null}},{"start":{"line":215,"column":4},"end":{"line":223,"column":null}}]},"18":{"loc":{"start":{"line":216,"column":6},"end":{"line":220,"column":null}},"type":"if","locations":[{"start":{"line":216,"column":6},"end":{"line":220,"column":null}},{"start":{"line":216,"column":6},"end":{"line":220,"column":null}}]},"19":{"loc":{"start":{"line":231,"column":4},"end":{"line":231,"column":11}},"type":"binary-expr","locations":[{"start":{"line":231,"column":4},"end":{"line":231,"column":11}},{"start":{"line":231,"column":11},"end":{"line":231,"column":null}}]},"20":{"loc":{"start":{"line":245,"column":4},"end":{"line":245,"column":11}},"type":"binary-expr","locations":[{"start":{"line":245,"column":4},"end":{"line":245,"column":11}},{"start":{"line":245,"column":11},"end":{"line":245,"column":null}}]},"21":{"loc":{"start":{"line":251,"column":4},"end":{"line":251,"column":11}},"type":"binary-expr","locations":[{"start":{"line":251,"column":4},"end":{"line":251,"column":11}},{"start":{"line":251,"column":11},"end":{"line":251,"column":null}}]}},"s":{"0":1,"1":1,"2":1,"3":1,"4":1,"5":1,"6":1,"7":1,"8":1,"9":1,"10":1,"11":1,"12":1,"13":1,"14":1,"15":1,"16":1,"17":1,"18":1,"19":1,"20":1,"21":1,"22":1,"23":1,"24":1,"25":1,"26":1,"27":1,"28":1,"29":1,"30":1,"31":1,"32":1,"33":1,"34":1,"35":1,"36":1,"37":2,"38":1,"39":1,"40":1,"41":1,"42":1,"43":1,"44":1,"45":1,"46":1,"47":1,"48":1,"49":0,"50":1,"51":1,"52":1,"53":1,"54":1,"55":1,"56":1,"57":0,"58":1,"59":1,"60":1,"61":1,"62":1,"63":1,"64":1,"65":1,"66":1,"67":1,"68":1,"69":1,"70":0,"71":1,"72":1,"73":1,"74":1,"75":1,"76":1,"77":1,"78":0,"79":1,"80":1,"81":1,"82":1,"83":1,"84":1,"85":1,"86":1,"87":1,"88":1,"89":1,"90":1,"91":1,"92":0,"93":1,"94":0,"95":1,"96":1,"97":1,"98":1,"99":1,"100":1,"101":1,"102":1,"103":0,"104":1,"105":0,"106":1,"107":1,"108":1,"109":1,"110":1,"111":1,"112":1,"113":1,"114":1,"115":1,"116":1,"117":1,"118":1,"119":1,"120":1,"121":1,"122":1,"123":1,"124":1,"125":1,"126":1,"127":1,"128":0,"129":1,"130":1,"131":1,"132":1,"133":1,"134":1,"135":1,"136":1,"137":1,"138":1,"139":1,"140":1,"141":1,"142":1,"143":1,"144":1,"145":1,"146":1,"147":1,"148":1,"149":1,"150":1,"151":1,"152":1,"153":1,"154":1,"155":1,"156":0,"157":0,"158":0,"159":0,"160":0,"161":1,"162":1,"163":1,"164":1,"165":2,"166":2,"167":2,"168":1,"169":0,"170":1,"171":0,"172":1,"173":1,"174":1,"175":1,"176":1,"177":1,"178":1,"179":1,"180":1,"181":1,"182":1,"183":1},"f":{"0":22,"1":1,"2":1,"3":1,"4":1,"5":1,"6":1,"7":1,"8":1,"9":1,"10":1,"11":1,"12":1,"13":1,"14":1,"15":1,"16":1,"17":1,"18":2,"19":1,"20":1,"21":1,"22":1,"23":0,"24":1,"25":1,"26":0,"27":1,"28":1,"29":1,"30":1,"31":0,"32":1,"33":1,"34":0,"35":1,"36":1,"37":1,"38":1,"39":0,"40":0,"41":1,"42":1,"43":0,"44":0,"45":1,"46":1,"47":1,"48":1,"49":1,"50":1,"51":1,"52":1,"53":0,"54":1,"55":1,"56":1,"57":1,"58":1,"59":1,"60":1,"61":1,"62":1,"63":1,"64":0,"65":1,"66":2,"67":0,"68":0,"69":1,"70":1,"71":1,"72":1},"b":{"0":[1,0],"1":[1,1],"2":[1,1],"3":[1,1],"4":[1,1],"5":[1,1],"6":[1,1],"7":[1,1],"8":[1,1],"9":[1,1],"10":[1,1],"11":[1,1],"12":[1,1],"13":[1,1],"14":[1,1],"15":[1,1],"16":[1,1],"17":[0,0],"18":[0,0],"19":[2,2],"20":[1,1],"21":[1,1]}}
,"/Users/lor/gitprojects/dbs/src/dataStructures/containers.ts": {"path":"/Users/lor/gitprojects/dbs/src/dataStructures/containers.ts","statementMap":{"0":{"start":{"line":3,"column":0},"end":{"line":3,"column":null}},"1":{"start":{"line":4,"column":2},"end":{"line":4,"column":24}},"2":{"start":{"line":7,"column":2},"end":{"line":7,"column":null}},"3":{"start":{"line":4,"column":24},"end":{"line":7,"column":null}},"4":{"start":{"line":9,"column":2},"end":{"line":9,"column":24}},"5":{"start":{"line":12,"column":2},"end":{"line":12,"column":null}},"6":{"start":{"line":9,"column":24},"end":{"line":12,"column":null}},"7":{"start":{"line":14,"column":2},"end":{"line":14,"column":24}},"8":{"start":{"line":18,"column":2},"end":{"line":18,"column":null}},"9":{"start":{"line":14,"column":24},"end":{"line":18,"column":null}},"10":{"start":{"line":21,"column":0},"end":{"line":21,"column":null}},"11":{"start":{"line":22,"column":2},"end":{"line":22,"column":24}},"12":{"start":{"line":25,"column":2},"end":{"line":25,"column":null}},"13":{"start":{"line":22,"column":24},"end":{"line":25,"column":null}},"14":{"start":{"line":27,"column":2},"end":{"line":27,"column":24}},"15":{"start":{"line":31,"column":2},"end":{"line":31,"column":null}},"16":{"start":{"line":27,"column":24},"end":{"line":31,"column":null}},"17":{"start":{"line":33,"column":2},"end":{"line":33,"column":24}},"18":{"start":{"line":36,"column":2},"end":{"line":36,"column":null}},"19":{"start":{"line":33,"column":24},"end":{"line":36,"column":null}}},"fnMap":{"0":{"name":"(anonymous_0)","decl":{"start":{"line":3,"column":0},"end":{"line":3,"column":14}},"loc":{"start":{"line":3,"column":33},"end":{"line":19,"column":1}}},"1":{"name":"(anonymous_1)","decl":{"start":{"line":4,"column":2},"end":{"line":4,"column":24}},"loc":{"start":{"line":4,"column":2},"end":{"line":7,"column":null}}},"2":{"name":"(anonymous_3)","decl":{"start":{"line":9,"column":2},"end":{"line":9,"column":24}},"loc":{"start":{"line":9,"column":2},"end":{"line":12,"column":null}}},"3":{"name":"(anonymous_5)","decl":{"start":{"line":14,"column":2},"end":{"line":14,"column":24}},"loc":{"start":{"line":14,"column":2},"end":{"line":18,"column":null}}},"4":{"name":"(anonymous_7)","decl":{"start":{"line":21,"column":0},"end":{"line":21,"column":14}},"loc":{"start":{"line":21,"column":31},"end":{"line":37,"column":1}}},"5":{"name":"(anonymous_8)","decl":{"start":{"line":22,"column":2},"end":{"line":22,"column":24}},"loc":{"start":{"line":22,"column":2},"end":{"line":25,"column":null}}},"6":{"name":"(anonymous_10)","decl":{"start":{"line":27,"column":2},"end":{"line":27,"column":24}},"loc":{"start":{"line":27,"column":2},"end":{"line":31,"column":null}}},"7":{"name":"(anonymous_12)","decl":{"start":{"line":33,"column":2},"end":{"line":33,"column":24}},"loc":{"start":{"line":33,"column":2},"end":{"line":36,"column":null}}}},"branchMap":{"0":{"loc":{"start":{"line":3,"column":14},"end":{"line":3,"column":33}},"type":"binary-expr","locations":[{"start":{"line":3,"column":14},"end":{"line":3,"column":33}},{"start":{"line":3,"column":14},"end":{"line":3,"column":null}}]},"1":{"loc":{"start":{"line":21,"column":14},"end":{"line":21,"column":31}},"type":"binary-expr","locations":[{"start":{"line":21,"column":14},"end":{"line":21,"column":31}},{"start":{"line":21,"column":14},"end":{"line":21,"column":null}}]}},"s":{"0":1,"1":1,"2":1,"3":1,"4":1,"5":1,"6":1,"7":1,"8":1,"9":1,"10":1,"11":1,"12":1,"13":1,"14":1,"15":1,"16":1,"17":1,"18":1,"19":1},"f":{"0":1,"1":3,"2":1,"3":2,"4":1,"5":1,"6":1,"7":1},"b":{"0":[1,1],"1":[1,1]}}
}
