TN:
SF:/Users/lor/gitprojects/dbs/src/types.ts
FN:4,(anonymous_6)
FN:5,(anonymous_7)
FN:6,(anonymous_9)
FN:7,(anonymous_11)
FN:8,(anonymous_13)
FN:11,(anonymous_15)
FN:35,(anonymous_16)
FN:37,(anonymous_18)
FN:42,(anonymous_20)
FN:47,(anonymous_22)
FN:49,(anonymous_24)
FN:54,(anonymous_26)
FN:58,(anonymous_28)
FN:60,(anonymous_30)
FN:67,(anonymous_32)
FN:74,(anonymous_34)
FN:76,(anonymous_36)
FN:78,(anonymous_38)
FN:80,(anonymous_40)
FN:85,(anonymous_42)
FN:87,(anonymous_44)
FN:89,(anonymous_46)
FN:91,(anonymous_48)
FN:93,(anonymous_50)
FN:98,(anonymous_52)
FN:105,(anonymous_54)
FN:107,(anonymous_56)
FNF:27
FNH:27
FNDA:2,(anonymous_6)
FNDA:3,(anonymous_7)
FNDA:2,(anonymous_9)
FNDA:2,(anonymous_11)
FNDA:2,(anonymous_13)
FNDA:2,(anonymous_15)
FNDA:3,(anonymous_16)
FNDA:3,(anonymous_18)
FNDA:5,(anonymous_20)
FNDA:3,(anonymous_22)
FNDA:3,(anonymous_24)
FNDA:3,(anonymous_26)
FNDA:3,(anonymous_28)
FNDA:3,(anonymous_30)
FNDA:3,(anonymous_32)
FNDA:3,(anonymous_34)
FNDA:3,(anonymous_36)
FNDA:3,(anonymous_38)
FNDA:3,(anonymous_40)
FNDA:3,(anonymous_42)
FNDA:3,(anonymous_44)
FNDA:3,(anonymous_46)
FNDA:3,(anonymous_48)
FNDA:3,(anonymous_50)
FNDA:4,(anonymous_52)
FNDA:3,(anonymous_54)
FNDA:3,(anonymous_56)
DA:4,2
DA:5,2
DA:6,2
DA:7,2
DA:8,2
DA:11,2
DA:35,2
DA:37,2
DA:40,2
DA:42,2
DA:45,2
DA:47,2
DA:49,2
DA:52,2
DA:54,2
DA:57,2
DA:58,2
DA:60,2
DA:65,2
DA:67,2
DA:72,2
DA:74,2
DA:76,2
DA:78,2
DA:80,2
DA:83,2
DA:85,2
DA:87,2
DA:89,2
DA:91,2
DA:93,2
DA:96,2
DA:98,2
DA:103,2
DA:105,2
DA:107,2
LF:36
LH:36
BRDA:4,0,0,2
BRDA:4,0,1,2
BRDA:11,1,0,2
BRDA:11,1,1,2
BRF:4
BRH:4
end_of_record
TN:
SF:/Users/lor/gitprojects/dbs/src/backends/postgresql/types.ts
FN:3,(anonymous_6)
FN:4,(anonymous_8)
FN:7,(anonymous_9)
FN:10,(anonymous_10)
FN:13,(anonymous_11)
FN:16,(anonymous_12)
FN:19,(anonymous_13)
FN:22,(anonymous_14)
FN:25,(anonymous_15)
FN:28,(anonymous_16)
FN:31,(anonymous_17)
FN:34,(anonymous_18)
FN:37,(anonymous_19)
FN:40,(anonymous_20)
FN:43,(anonymous_21)
FN:46,(anonymous_22)
FN:49,(anonymous_23)
FN:52,(anonymous_24)
FN:55,(anonymous_25)
FN:58,(anonymous_26)
FN:61,(anonymous_27)
FN:66,(anonymous_28)
FN:68,PostgresCHAR
FN:72,(anonymous_30)
FN:77,(anonymous_31)
FN:79,PostgresVARCHAR
FN:83,(anonymous_33)
FN:88,(anonymous_34)
FN:89,PostgresCLOB
FN:94,(anonymous_36)
FN:96,PostgresBINARY
FN:100,(anonymous_38)
FN:105,(anonymous_39)
FN:107,PostgresVARBINARY
FN:111,(anonymous_41)
FN:116,(anonymous_42)
FN:117,PostgresBLOB
FN:122,(anonymous_44)
FN:125,PostgresNUMERIC
FN:130,(anonymous_46)
FN:133,(anonymous_47)
FN:138,(anonymous_48)
FN:141,PostgresDECIMAL
FN:146,(anonymous_50)
FN:149,(anonymous_51)
FN:154,(anonymous_52)
FN:155,PostgresSMALLINT
FN:160,(anonymous_54)
FN:161,PostgresINTEGER
FN:166,(anonymous_56)
FN:167,PostgresBIGINT
FN:172,(anonymous_58)
FN:174,PostgresFLOAT
FN:178,(anonymous_60)
FN:183,(anonymous_61)
FN:184,PostgresREAL
FN:189,(anonymous_63)
FN:190,PostgresDOUBLE_PRECISION
FN:195,(anonymous_65)
FN:196,PostgresDATE
FN:201,(anonymous_67)
FN:202,PostgresTIME
FN:207,(anonymous_69)
FN:209,PostgresTIMESTAMP
FN:214,(anonymous_71)
FN:227,(anonymous_72)
FN:230,PostgresINTERVAL
FN:235,(anonymous_74)
FN:238,(anonymous_75)
FN:243,(anonymous_76)
FN:244,PostgresBOOLEAN
FN:249,(anonymous_78)
FN:250,PostgresXML
FNF:73
FNH:61
FNDA:22,(anonymous_6)
FNDA:1,(anonymous_8)
FNDA:1,(anonymous_9)
FNDA:1,(anonymous_10)
FNDA:1,(anonymous_11)
FNDA:1,(anonymous_12)
FNDA:1,(anonymous_13)
FNDA:1,(anonymous_14)
FNDA:1,(anonymous_15)
FNDA:1,(anonymous_16)
FNDA:1,(anonymous_17)
FNDA:1,(anonymous_18)
FNDA:1,(anonymous_19)
FNDA:1,(anonymous_20)
FNDA:1,(anonymous_21)
FNDA:1,(anonymous_22)
FNDA:1,(anonymous_23)
FNDA:1,(anonymous_24)
FNDA:2,(anonymous_25)
FNDA:1,(anonymous_26)
FNDA:1,(anonymous_27)
FNDA:1,(anonymous_28)
FNDA:1,PostgresCHAR
FNDA:0,(anonymous_30)
FNDA:1,(anonymous_31)
FNDA:1,PostgresVARCHAR
FNDA:0,(anonymous_33)
FNDA:1,(anonymous_34)
FNDA:1,PostgresCLOB
FNDA:1,(anonymous_36)
FNDA:1,PostgresBINARY
FNDA:0,(anonymous_38)
FNDA:1,(anonymous_39)
FNDA:1,PostgresVARBINARY
FNDA:0,(anonymous_41)
FNDA:1,(anonymous_42)
FNDA:1,PostgresBLOB
FNDA:1,(anonymous_44)
FNDA:1,PostgresNUMERIC
FNDA:0,(anonymous_46)
FNDA:0,(anonymous_47)
FNDA:1,(anonymous_48)
FNDA:1,PostgresDECIMAL
FNDA:0,(anonymous_50)
FNDA:0,(anonymous_51)
FNDA:1,(anonymous_52)
FNDA:1,PostgresSMALLINT
FNDA:1,(anonymous_54)
FNDA:1,PostgresINTEGER
FNDA:1,(anonymous_56)
FNDA:1,PostgresBIGINT
FNDA:1,(anonymous_58)
FNDA:1,PostgresFLOAT
FNDA:0,(anonymous_60)
FNDA:1,(anonymous_61)
FNDA:1,PostgresREAL
FNDA:1,(anonymous_63)
FNDA:1,PostgresDOUBLE_PRECISION
FNDA:1,(anonymous_65)
FNDA:1,PostgresDATE
FNDA:1,(anonymous_67)
FNDA:1,PostgresTIME
FNDA:1,(anonymous_69)
FNDA:1,PostgresTIMESTAMP
FNDA:0,(anonymous_71)
FNDA:1,(anonymous_72)
FNDA:2,PostgresINTERVAL
FNDA:0,(anonymous_74)
FNDA:0,(anonymous_75)
FNDA:1,(anonymous_76)
FNDA:1,PostgresBOOLEAN
FNDA:1,(anonymous_78)
FNDA:1,PostgresXML
DA:1,1
DA:3,1
DA:4,1
DA:5,1
DA:7,1
DA:8,1
DA:10,1
DA:11,1
DA:13,1
DA:14,1
DA:16,1
DA:17,1
DA:19,1
DA:20,1
DA:22,1
DA:23,1
DA:25,1
DA:26,1
DA:28,1
DA:29,1
DA:31,1
DA:32,1
DA:34,1
DA:35,1
DA:37,1
DA:38,1
DA:40,1
DA:41,1
DA:43,1
DA:44,1
DA:46,1
DA:47,1
DA:49,1
DA:50,1
DA:52,1
DA:53,1
DA:55,1
DA:56,2
DA:58,1
DA:59,1
DA:61,1
DA:62,1
DA:64,1
DA:66,1
DA:69,1
DA:70,1
DA:72,1
DA:73,0
DA:75,1
DA:77,1
DA:80,1
DA:81,1
DA:83,1
DA:84,0
DA:86,1
DA:88,1
DA:90,1
DA:92,1
DA:94,1
DA:97,1
DA:98,1
DA:100,1
DA:101,0
DA:103,1
DA:105,1
DA:108,1
DA:109,1
DA:111,1
DA:112,0
DA:114,1
DA:116,1
DA:118,1
DA:120,1
DA:122,1
DA:126,1
DA:127,1
DA:128,1
DA:130,1
DA:131,0
DA:133,1
DA:134,0
DA:136,1
DA:138,1
DA:142,1
DA:143,1
DA:144,1
DA:146,1
DA:147,0
DA:149,1
DA:150,0
DA:152,1
DA:154,1
DA:156,1
DA:158,1
DA:160,1
DA:162,1
DA:164,1
DA:166,1
DA:168,1
DA:170,1
DA:172,1
DA:175,1
DA:176,1
DA:178,1
DA:179,0
DA:181,1
DA:183,1
DA:185,1
DA:187,1
DA:189,1
DA:191,1
DA:193,1
DA:195,1
DA:197,1
DA:199,1
DA:201,1
DA:203,1
DA:205,1
DA:207,1
DA:210,1
DA:211,1
DA:214,1
DA:215,0
DA:216,0
DA:217,0
DA:219,0
DA:222,0
DA:225,1
DA:227,1
DA:231,2
DA:232,2
DA:233,2
DA:235,1
DA:236,0
DA:238,1
DA:239,0
DA:241,1
DA:243,1
DA:245,1
DA:247,1
DA:249,1
DA:251,1
DA:253,1
LF:143
LH:127
BRDA:69,0,0,1
BRDA:69,0,1,0
BRDA:80,1,0,1
BRDA:80,1,1,1
BRDA:90,2,0,1
BRDA:90,2,1,1
BRDA:97,3,0,1
BRDA:97,3,1,1
BRDA:108,4,0,1
BRDA:108,4,1,1
BRDA:118,5,0,1
BRDA:118,5,1,1
BRDA:126,6,0,1
BRDA:126,6,1,1
BRDA:142,7,0,1
BRDA:142,7,1,1
BRDA:156,8,0,1
BRDA:156,8,1,1
BRDA:162,9,0,1
BRDA:162,9,1,1
BRDA:168,10,0,1
BRDA:168,10,1,1
BRDA:175,11,0,1
BRDA:175,11,1,1
BRDA:185,12,0,1
BRDA:185,12,1,1
BRDA:191,13,0,1
BRDA:191,13,1,1
BRDA:197,14,0,1
BRDA:197,14,1,1
BRDA:203,15,0,1
BRDA:203,15,1,1
BRDA:210,16,0,1
BRDA:210,16,1,1
BRDA:215,17,0,0
BRDA:215,17,1,0
BRDA:216,18,0,0
BRDA:216,18,1,0
BRDA:231,19,0,2
BRDA:231,19,1,2
BRDA:245,20,0,1
BRDA:245,20,1,1
BRDA:251,21,0,1
BRDA:251,21,1,1
BRF:44
BRH:39
end_of_record
TN:
SF:/Users/lor/gitprojects/dbs/src/dataStructures/containers.ts
FN:3,(anonymous_0)
FN:4,(anonymous_1)
FN:9,(anonymous_3)
FN:14,(anonymous_5)
FN:21,(anonymous_7)
FN:22,(anonymous_8)
FN:27,(anonymous_10)
FN:33,(anonymous_12)
FNF:8
FNH:8
FNDA:1,(anonymous_0)
FNDA:3,(anonymous_1)
FNDA:1,(anonymous_3)
FNDA:2,(anonymous_5)
FNDA:1,(anonymous_7)
FNDA:1,(anonymous_8)
FNDA:1,(anonymous_10)
FNDA:1,(anonymous_12)
DA:3,1
DA:4,1
DA:7,1
DA:9,1
DA:12,1
DA:14,1
DA:18,1
DA:21,1
DA:22,1
DA:25,1
DA:27,1
DA:31,1
DA:33,1
DA:36,1
LF:14
LH:14
BRDA:3,0,0,1
BRDA:3,0,1,1
BRDA:21,1,0,1
BRDA:21,1,1,1
BRF:4
BRH:4
end_of_record
